[ 2019-09-15T23:42:21+08:00 ] 127.0.0.1 /index.php/Doctor/index
INFO: [ app_begin ] --START--
INFO: Run Behavior\ReadHtmlCacheBehavior [ RunTime:0.000753s ]
INFO: Run Behavior\CronRunBehavior [ RunTime:0.000627s ]
INFO: Run Behavior\CheckLangBehavior [ RunTime:0.001643s ]
INFO: [ app_begin ] --END-- [ RunTime:0.003881s ]
SQL: SHOW COLUMNS FROM `dzm_his_auth_group_access` [ RunTime:0.0012s ]
SQL: SELECT `uid`,`group_id`,`title`,`rules` FROM dzm_his_auth_group_access a INNER JOIN dzm_his_auth_group g on a.group_id=g.id  WHERE ( a.uid='1' and g.status='1' )  [ RunTime:0.0003s ]
SQL: SHOW COLUMNS FROM `dzm_his_auth_rule` [ RunTime:0.0009s ]
SQL: SELECT `condition`,`menu_name` FROM `dzm_his_auth_rule` WHERE `id` IN ('1','2','3','4','5','6','7','8','9','10','11','12','13','14','15','16','17','18','19','20','21','22','23','24','25','26','27','28','29','30','31','32','33','34','35','36','37','38','39','40','41','42','43','44','45','46','47','48','49','50','51','52','53','54','55','56','57','58','59','60','61','62','63','64','65','66','67','68','69','70','71','72','73','74','75','76','77','78','79','80','81','82','83','90','91','92','93','94','95','96','97','98','99','100','101','102','103','104','105','106','107','108','109','110','111','112','113','114','115','116','117','118','119','120','121','122','123','124','125','126','127','128','129','130','131','132','133','134','135','136','137','138','84','85','86','89','87','88','141','142','143','144','145','139','148','149','150') AND `type` = 1 AND `status` = 1  [ RunTime:0.0009s ]
SQL: SHOW COLUMNS FROM `dzm_his_doctor` [ RunTime:0.0010s ]
INFO: [ view_parse ] --START--
INFO: [ template_filter ] --START--
INFO: Run Behavior\ContentReplaceBehavior [ RunTime:0.000558s ]
INFO: [ template_filter ] --END-- [ RunTime:0.000678s ]
NOTIC: [8] Undefined index: name D:\phpstudy_pro\WWW\OpenHIS\Application\Runtime\Cache\His\4c76a4f64095c59596389c0565f34682.php 第 78 行.
NOTIC: [8] Undefined index: birthday D:\phpstudy_pro\WWW\OpenHIS\Application\Runtime\Cache\His\4c76a4f64095c59596389c0565f34682.php 第 106 行.
NOTIC: [8] Undefined index: mobile D:\phpstudy_pro\WWW\OpenHIS\Application\Runtime\Cache\His\4c76a4f64095c59596389c0565f34682.php 第 123 行.
NOTIC: [8] Undefined index: address D:\phpstudy_pro\WWW\OpenHIS\Application\Runtime\Cache\His\4c76a4f64095c59596389c0565f34682.php 第 135 行.
NOTIC: [8] Undefined index: allergy_info D:\phpstudy_pro\WWW\OpenHIS\Application\Runtime\Cache\His\4c76a4f64095c59596389c0565f34682.php 第 140 行.
NOTIC: [8] Undefined index: name D:\phpstudy_pro\WWW\OpenHIS\Application\Runtime\Cache\His\4c76a4f64095c59596389c0565f34682.php 第 529 行.
NOTIC: [8] Undefined index: mobile D:\phpstudy_pro\WWW\OpenHIS\Application\Runtime\Cache\His\4c76a4f64095c59596389c0565f34682.php 第 530 行.
NOTIC: [8] Undefined index: birthday D:\phpstudy_pro\WWW\OpenHIS\Application\Runtime\Cache\His\4c76a4f64095c59596389c0565f34682.php 第 532 行.
NOTIC: [8] Undefined index: address D:\phpstudy_pro\WWW\OpenHIS\Application\Runtime\Cache\His\4c76a4f64095c59596389c0565f34682.php 第 533 行.
NOTIC: [8] Undefined index: allergy_info D:\phpstudy_pro\WWW\OpenHIS\Application\Runtime\Cache\His\4c76a4f64095c59596389c0565f34682.php 第 534 行.
INFO: Run Behavior\ParseTemplateBehavior [ RunTime:0.019298s ]
INFO: [ view_parse ] --END-- [ RunTime:0.019421s ]
INFO: [ view_filter ] --START--
INFO: Run Behavior\WriteHtmlCacheBehavior [ RunTime:0.000554s ]
INFO: Run Behavior\TokenBuildBehavior [ RunTime:0.000683s ]
INFO: [ view_filter ] --END-- [ RunTime:0.001419s ]
INFO: [ app_end ] --START--
INFO: Run Behavior\ShowPageTraceBehavior [ RunTime:0.000743s ]
INFO: [ app_end ] --END-- [ RunTime:0.000872s ]

[ 2019-09-15T23:42:22+08:00 ] 127.0.0.1 /Doctor/getRegistrations
INFO: [ app_begin ] --START--
INFO: Run Behavior\ReadHtmlCacheBehavior [ RunTime:0.000679s ]
INFO: Run Behavior\CronRunBehavior [ RunTime:0.000512s ]
INFO: Run Behavior\CheckLangBehavior [ RunTime:0.001346s ]
INFO: [ app_begin ] --END-- [ RunTime:0.003228s ]
SQL: SHOW COLUMNS FROM `dzm_his_auth_group_access` [ RunTime:0.0010s ]
SQL: SELECT `uid`,`group_id`,`title`,`rules` FROM dzm_his_auth_group_access a INNER JOIN dzm_his_auth_group g on a.group_id=g.id  WHERE ( a.uid='1' and g.status='1' )  [ RunTime:0.0003s ]
SQL: SHOW COLUMNS FROM `dzm_his_auth_rule` [ RunTime:0.0008s ]
SQL: SELECT `condition`,`menu_name` FROM `dzm_his_auth_rule` WHERE `id` IN ('1','2','3','4','5','6','7','8','9','10','11','12','13','14','15','16','17','18','19','20','21','22','23','24','25','26','27','28','29','30','31','32','33','34','35','36','37','38','39','40','41','42','43','44','45','46','47','48','49','50','51','52','53','54','55','56','57','58','59','60','61','62','63','64','65','66','67','68','69','70','71','72','73','74','75','76','77','78','79','80','81','82','83','90','91','92','93','94','95','96','97','98','99','100','101','102','103','104','105','106','107','108','109','110','111','112','113','114','115','116','117','118','119','120','121','122','123','124','125','126','127','128','129','130','131','132','133','134','135','136','137','138','84','85','86','89','87','88','141','142','143','144','145','139','148','149','150') AND `type` = 1 AND `status` = 1  [ RunTime:0.0008s ]
SQL: SHOW COLUMNS FROM `dzm_his_doctor` [ RunTime:0.0011s ]
SQL: SELECT 
 count(a.patient_id) as count_num 
FROM dzm_his_registration a 
LEFT JOIN dzm_patient b ON a.patient_id=b.patient_id 
LEFT JOIN dzm_his_registeredfee d ON a.registeredfee_id=d.reg_id 
WHERE a.physician_id='1' AND a.registration_status=1    [ RunTime:0.0005s ]

[ 2019-09-15T23:42:23+08:00 ] 127.0.0.1 /Public/his/vendor/chartist/js/chartist.min.js.map
INFO: [ app_begin ] --START--
INFO: Run Behavior\ReadHtmlCacheBehavior [ RunTime:0.000666s ]
INFO: Run Behavior\CronRunBehavior [ RunTime:0.000538s ]
INFO: Run Behavior\CheckLangBehavior [ RunTime:0.001499s ]
INFO: [ app_begin ] --END-- [ RunTime:0.003485s ]
ERR: 无法加载控制器:Public

[ 2019-09-15T23:42:23+08:00 ] 127.0.0.1 /Public/his/css/bootstrap.min.css.map
INFO: [ app_begin ] --START--
INFO: Run Behavior\ReadHtmlCacheBehavior [ RunTime:0.000572s ]
INFO: Run Behavior\CronRunBehavior [ RunTime:0.000511s ]
INFO: Run Behavior\CheckLangBehavior [ RunTime:0.001351s ]
INFO: [ app_begin ] --END-- [ RunTime:0.003144s ]
ERR: 无法加载控制器:Public

[ 2019-09-15T23:42:23+08:00 ] 127.0.0.1 /Doctor/getExtracharges
INFO: [ app_begin ] --START--
INFO: Run Behavior\ReadHtmlCacheBehavior [ RunTime:0.000564s ]
INFO: Run Behavior\CronRunBehavior [ RunTime:0.000504s ]
INFO: Run Behavior\CheckLangBehavior [ RunTime:0.001259s ]
INFO: [ app_begin ] --END-- [ RunTime:0.002927s ]
SQL: SHOW COLUMNS FROM `dzm_his_auth_group_access` [ RunTime:0.0012s ]
SQL: SELECT `uid`,`group_id`,`title`,`rules` FROM dzm_his_auth_group_access a INNER JOIN dzm_his_auth_group g on a.group_id=g.id  WHERE ( a.uid='1' and g.status='1' )  [ RunTime:0.0004s ]
SQL: SHOW COLUMNS FROM `dzm_his_auth_rule` [ RunTime:0.0012s ]
SQL: SELECT `condition`,`menu_name` FROM `dzm_his_auth_rule` WHERE `id` IN ('1','2','3','4','5','6','7','8','9','10','11','12','13','14','15','16','17','18','19','20','21','22','23','24','25','26','27','28','29','30','31','32','33','34','35','36','37','38','39','40','41','42','43','44','45','46','47','48','49','50','51','52','53','54','55','56','57','58','59','60','61','62','63','64','65','66','67','68','69','70','71','72','73','74','75','76','77','78','79','80','81','82','83','90','91','92','93','94','95','96','97','98','99','100','101','102','103','104','105','106','107','108','109','110','111','112','113','114','115','116','117','118','119','120','121','122','123','124','125','126','127','128','129','130','131','132','133','134','135','136','137','138','84','85','86','89','87','88','141','142','143','144','145','139','148','149','150') AND `type` = 1 AND `status` = 1  [ RunTime:0.0010s ]
SQL: SHOW COLUMNS FROM `dzm_his_doctor` [ RunTime:0.0012s ]
SQL: SELECT * FROM dzm_his_prescription_extracharges WHERE hid='1' AND type='0' [ RunTime:0.0003s ]

[ 2019-09-15T23:42:23+08:00 ] 127.0.0.1 /Doctor/getPatientList
INFO: [ app_begin ] --START--
INFO: Run Behavior\ReadHtmlCacheBehavior [ RunTime:0.001441s ]
INFO: Run Behavior\CronRunBehavior [ RunTime:0.000537s ]
INFO: Run Behavior\CheckLangBehavior [ RunTime:0.002483s ]
INFO: [ app_begin ] --END-- [ RunTime:0.005221s ]
SQL: SHOW COLUMNS FROM `dzm_his_auth_group_access` [ RunTime:0.0010s ]
SQL: SELECT `uid`,`group_id`,`title`,`rules` FROM dzm_his_auth_group_access a INNER JOIN dzm_his_auth_group g on a.group_id=g.id  WHERE ( a.uid='1' and g.status='1' )  [ RunTime:0.0003s ]
SQL: SHOW COLUMNS FROM `dzm_his_auth_rule` [ RunTime:0.0009s ]
SQL: SELECT `condition`,`menu_name` FROM `dzm_his_auth_rule` WHERE `id` IN ('1','2','3','4','5','6','7','8','9','10','11','12','13','14','15','16','17','18','19','20','21','22','23','24','25','26','27','28','29','30','31','32','33','34','35','36','37','38','39','40','41','42','43','44','45','46','47','48','49','50','51','52','53','54','55','56','57','58','59','60','61','62','63','64','65','66','67','68','69','70','71','72','73','74','75','76','77','78','79','80','81','82','83','90','91','92','93','94','95','96','97','98','99','100','101','102','103','104','105','106','107','108','109','110','111','112','113','114','115','116','117','118','119','120','121','122','123','124','125','126','127','128','129','130','131','132','133','134','135','136','137','138','84','85','86','89','87','88','141','142','143','144','145','139','148','149','150') AND `type` = 1 AND `status` = 1  [ RunTime:0.0009s ]
SQL: SHOW COLUMNS FROM `dzm_his_doctor` [ RunTime:0.0011s ]
SQL: SELECT count(b.patient_id) as count_num FROM dzm_patient b WHERE b.hospital_id='1'    [ RunTime:0.0003s ]
SQL: SELECT * FROM dzm_patient b WHERE b.hospital_id='1'  ORDER BY b.patient_id DESC,b.last_login_time DESC LIMIT 0,7 [ RunTime:0.0003s ]

[ 2019-09-15T23:42:23+08:00 ] 127.0.0.1 /Doctor/getInspectionfee
INFO: [ app_begin ] --START--
INFO: Run Behavior\ReadHtmlCacheBehavior [ RunTime:0.000887s ]
INFO: Run Behavior\CronRunBehavior [ RunTime:0.000670s ]
INFO: Run Behavior\CheckLangBehavior [ RunTime:0.001653s ]
INFO: [ app_begin ] --END-- [ RunTime:0.004093s ]
SQL: SHOW COLUMNS FROM `dzm_his_auth_group_access` [ RunTime:0.0016s ]
SQL: SELECT `uid`,`group_id`,`title`,`rules` FROM dzm_his_auth_group_access a INNER JOIN dzm_his_auth_group g on a.group_id=g.id  WHERE ( a.uid='1' and g.status='1' )  [ RunTime:0.0003s ]
SQL: SHOW COLUMNS FROM `dzm_his_auth_rule` [ RunTime:0.0009s ]
SQL: SELECT `condition`,`menu_name` FROM `dzm_his_auth_rule` WHERE `id` IN ('1','2','3','4','5','6','7','8','9','10','11','12','13','14','15','16','17','18','19','20','21','22','23','24','25','26','27','28','29','30','31','32','33','34','35','36','37','38','39','40','41','42','43','44','45','46','47','48','49','50','51','52','53','54','55','56','57','58','59','60','61','62','63','64','65','66','67','68','69','70','71','72','73','74','75','76','77','78','79','80','81','82','83','90','91','92','93','94','95','96','97','98','99','100','101','102','103','104','105','106','107','108','109','110','111','112','113','114','115','116','117','118','119','120','121','122','123','124','125','126','127','128','129','130','131','132','133','134','135','136','137','138','84','85','86','89','87','88','141','142','143','144','145','139','148','149','150') AND `type` = 1 AND `status` = 1  [ RunTime:0.0008s ]
SQL: SHOW COLUMNS FROM `dzm_his_doctor` [ RunTime:0.0013s ]
SQL: SELECT * FROM dzm_his_inspectionfee WHERE hid='1'  [ RunTime:0.0004s ]

[ 2019-09-15T23:42:23+08:00 ] 127.0.0.1 /Doctor/getMedicines
INFO: [ app_begin ] --START--
INFO: Run Behavior\ReadHtmlCacheBehavior [ RunTime:0.001326s ]
INFO: Run Behavior\CronRunBehavior [ RunTime:0.000585s ]
INFO: Run Behavior\CheckLangBehavior [ RunTime:0.001703s ]
INFO: [ app_begin ] --END-- [ RunTime:0.004548s ]
SQL: SHOW COLUMNS FROM `dzm_his_auth_group_access` [ RunTime:0.0014s ]
SQL: SELECT `uid`,`group_id`,`title`,`rules` FROM dzm_his_auth_group_access a INNER JOIN dzm_his_auth_group g on a.group_id=g.id  WHERE ( a.uid='1' and g.status='1' )  [ RunTime:0.0004s ]
SQL: SHOW COLUMNS FROM `dzm_his_auth_rule` [ RunTime:0.0011s ]
SQL: SELECT `condition`,`menu_name` FROM `dzm_his_auth_rule` WHERE `id` IN ('1','2','3','4','5','6','7','8','9','10','11','12','13','14','15','16','17','18','19','20','21','22','23','24','25','26','27','28','29','30','31','32','33','34','35','36','37','38','39','40','41','42','43','44','45','46','47','48','49','50','51','52','53','54','55','56','57','58','59','60','61','62','63','64','65','66','67','68','69','70','71','72','73','74','75','76','77','78','79','80','81','82','83','90','91','92','93','94','95','96','97','98','99','100','101','102','103','104','105','106','107','108','109','110','111','112','113','114','115','116','117','118','119','120','121','122','123','124','125','126','127','128','129','130','131','132','133','134','135','136','137','138','84','85','86','89','87','88','141','142','143','144','145','139','148','149','150') AND `type` = 1 AND `status` = 1  [ RunTime:0.0012s ]
SQL: SHOW COLUMNS FROM `dzm_his_doctor` [ RunTime:0.0014s ]
SQL: SELECT 
c.hmr_id as medicines_id,b.inventory_num,b.inventory_unit,b.inventory_prescription_price,a.medicines_name,a.unit
 FROM dzm_his_hospital_medicines_relation c 
 LEFT JOIN dzm_his_medicines a ON c.medicines_id=a.medicines_id
 LEFT JOIN  dzm_his_inventory b ON c.hmr_id=b.hmr_id
 WHERE c.hospital_id='1'  LIMIT 50 [ RunTime:0.0007s ]

[ 2019-09-15T23:42:23+08:00 ] 127.0.0.1 /Doctor/getPkgList
INFO: [ app_begin ] --START--
INFO: Run Behavior\ReadHtmlCacheBehavior [ RunTime:0.000658s ]
INFO: Run Behavior\CronRunBehavior [ RunTime:0.000589s ]
INFO: Run Behavior\CheckLangBehavior [ RunTime:0.001565s ]
INFO: [ app_begin ] --END-- [ RunTime:0.004087s ]
SQL: SHOW COLUMNS FROM `dzm_his_auth_group_access` [ RunTime:0.0010s ]
SQL: SELECT `uid`,`group_id`,`title`,`rules` FROM dzm_his_auth_group_access a INNER JOIN dzm_his_auth_group g on a.group_id=g.id  WHERE ( a.uid='1' and g.status='1' )  [ RunTime:0.0003s ]
SQL: SHOW COLUMNS FROM `dzm_his_auth_rule` [ RunTime:0.0009s ]
SQL: SELECT `condition`,`menu_name` FROM `dzm_his_auth_rule` WHERE `id` IN ('1','2','3','4','5','6','7','8','9','10','11','12','13','14','15','16','17','18','19','20','21','22','23','24','25','26','27','28','29','30','31','32','33','34','35','36','37','38','39','40','41','42','43','44','45','46','47','48','49','50','51','52','53','54','55','56','57','58','59','60','61','62','63','64','65','66','67','68','69','70','71','72','73','74','75','76','77','78','79','80','81','82','83','90','91','92','93','94','95','96','97','98','99','100','101','102','103','104','105','106','107','108','109','110','111','112','113','114','115','116','117','118','119','120','121','122','123','124','125','126','127','128','129','130','131','132','133','134','135','136','137','138','84','85','86','89','87','88','141','142','143','144','145','139','148','149','150') AND `type` = 1 AND `status` = 1  [ RunTime:0.0009s ]
SQL: SHOW COLUMNS FROM `dzm_his_doctor` [ RunTime:0.0013s ]
SQL: SELECT a.*,b.name,b.mobile,b.sex,b.birthday
,from_unixtime(a.addtime,'%m-%d %h:%i') as addtime_str
,from_unixtime(a.addtime,'%Y-%m-%d %h:%i:%s') as addtime_str_full,c.true_name,d.owner_name
 FROM dzm_his_care_pkg a 
 LEFT JOIN dzm_patient b ON a.patient_id=b.patient_id
 LEFT JOIN dzm_his_doctor c ON a.doctor_id=c.uid
 LEFT JOIN dzm_his_hospital d ON a.hospital_id=d.hid
 WHERE a.doctor_id='1' AND  a.type_id=0 AND a.hospital_id=1
ORDER BY a.id DESC
 LIMIT 50
 [ RunTime:0.0006s ]

[ 2019-09-15T23:44:54+08:00 ] 127.0.0.1 /Doctor/getCareHistory
INFO: [ app_begin ] --START--
INFO: Run Behavior\ReadHtmlCacheBehavior [ RunTime:0.000633s ]
INFO: Run Behavior\CronRunBehavior [ RunTime:0.000591s ]
INFO: Run Behavior\CheckLangBehavior [ RunTime:0.001538s ]
INFO: [ app_begin ] --END-- [ RunTime:0.003485s ]
SQL: SHOW COLUMNS FROM `dzm_his_auth_group_access` [ RunTime:0.0011s ]
SQL: SELECT `uid`,`group_id`,`title`,`rules` FROM dzm_his_auth_group_access a INNER JOIN dzm_his_auth_group g on a.group_id=g.id  WHERE ( a.uid='1' and g.status='1' )  [ RunTime:0.0003s ]
SQL: SHOW COLUMNS FROM `dzm_his_auth_rule` [ RunTime:0.0009s ]
SQL: SELECT `condition`,`menu_name` FROM `dzm_his_auth_rule` WHERE `id` IN ('1','2','3','4','5','6','7','8','9','10','11','12','13','14','15','16','17','18','19','20','21','22','23','24','25','26','27','28','29','30','31','32','33','34','35','36','37','38','39','40','41','42','43','44','45','46','47','48','49','50','51','52','53','54','55','56','57','58','59','60','61','62','63','64','65','66','67','68','69','70','71','72','73','74','75','76','77','78','79','80','81','82','83','90','91','92','93','94','95','96','97','98','99','100','101','102','103','104','105','106','107','108','109','110','111','112','113','114','115','116','117','118','119','120','121','122','123','124','125','126','127','128','129','130','131','132','133','134','135','136','137','138','84','85','86','89','87','88','141','142','143','144','145','139','148','149','150') AND `type` = 1 AND `status` = 1  [ RunTime:0.0008s ]
SQL: SHOW COLUMNS FROM `dzm_his_doctor` [ RunTime:0.0010s ]
SQL: SELECT a.*,b.hospital_name,c.name as patient_name
FROM dzm_his_care_history a 
LEFT JOIN dzm_his_hospital b ON a.hospital_id=b.hid 
LEFT JOIN dzm_patient c ON a.patient_id=c.patient_id 
WHERE a.patient_id=3 ORDER BY a.id DESC LIMIT 10 [ RunTime:0.0006s ]

[ 2019-09-15T23:44:54+08:00 ] 127.0.0.1 /Doctor/getUserInfo
INFO: [ app_begin ] --START--
INFO: Run Behavior\ReadHtmlCacheBehavior [ RunTime:0.000689s ]
INFO: Run Behavior\CronRunBehavior [ RunTime:0.000606s ]
INFO: Run Behavior\CheckLangBehavior [ RunTime:0.001660s ]
INFO: [ app_begin ] --END-- [ RunTime:0.003651s ]
SQL: SHOW COLUMNS FROM `dzm_his_auth_group_access` [ RunTime:0.0012s ]
SQL: SELECT `uid`,`group_id`,`title`,`rules` FROM dzm_his_auth_group_access a INNER JOIN dzm_his_auth_group g on a.group_id=g.id  WHERE ( a.uid='1' and g.status='1' )  [ RunTime:0.0003s ]
SQL: SHOW COLUMNS FROM `dzm_his_auth_rule` [ RunTime:0.0009s ]
SQL: SELECT `condition`,`menu_name` FROM `dzm_his_auth_rule` WHERE `id` IN ('1','2','3','4','5','6','7','8','9','10','11','12','13','14','15','16','17','18','19','20','21','22','23','24','25','26','27','28','29','30','31','32','33','34','35','36','37','38','39','40','41','42','43','44','45','46','47','48','49','50','51','52','53','54','55','56','57','58','59','60','61','62','63','64','65','66','67','68','69','70','71','72','73','74','75','76','77','78','79','80','81','82','83','90','91','92','93','94','95','96','97','98','99','100','101','102','103','104','105','106','107','108','109','110','111','112','113','114','115','116','117','118','119','120','121','122','123','124','125','126','127','128','129','130','131','132','133','134','135','136','137','138','84','85','86','89','87','88','141','142','143','144','145','139','148','149','150') AND `type` = 1 AND `status` = 1  [ RunTime:0.0009s ]
SQL: SHOW COLUMNS FROM `dzm_his_doctor` [ RunTime:0.0010s ]
SQL: SELECT * FROM dzm_patient a LEFT JOIN dzm_his_patient_file b ON a.patient_id=b.patient_id WHERE a.patient_id='3' LIMIT 1 [ RunTime:0.0003s ]

[ 2019-09-15T23:45:14+08:00 ] 127.0.0.1 /index.php/Doctor/uploadFile
INFO: [ app_begin ] --START--
INFO: Run Behavior\ReadHtmlCacheBehavior [ RunTime:0.000605s ]
INFO: Run Behavior\CronRunBehavior [ RunTime:0.000551s ]
INFO: Run Behavior\CheckLangBehavior [ RunTime:0.001452s ]
INFO: [ app_begin ] --END-- [ RunTime:0.003295s ]
SQL: SHOW COLUMNS FROM `dzm_his_auth_group_access` [ RunTime:0.0012s ]
SQL: SELECT `uid`,`group_id`,`title`,`rules` FROM dzm_his_auth_group_access a INNER JOIN dzm_his_auth_group g on a.group_id=g.id  WHERE ( a.uid='1' and g.status='1' )  [ RunTime:0.0003s ]
SQL: SHOW COLUMNS FROM `dzm_his_auth_rule` [ RunTime:0.0009s ]
SQL: SELECT `condition`,`menu_name` FROM `dzm_his_auth_rule` WHERE `id` IN ('1','2','3','4','5','6','7','8','9','10','11','12','13','14','15','16','17','18','19','20','21','22','23','24','25','26','27','28','29','30','31','32','33','34','35','36','37','38','39','40','41','42','43','44','45','46','47','48','49','50','51','52','53','54','55','56','57','58','59','60','61','62','63','64','65','66','67','68','69','70','71','72','73','74','75','76','77','78','79','80','81','82','83','90','91','92','93','94','95','96','97','98','99','100','101','102','103','104','105','106','107','108','109','110','111','112','113','114','115','116','117','118','119','120','121','122','123','124','125','126','127','128','129','130','131','132','133','134','135','136','137','138','84','85','86','89','87','88','141','142','143','144','145','139','148','149','150') AND `type` = 1 AND `status` = 1  [ RunTime:0.0008s ]
SQL: SHOW COLUMNS FROM `dzm_his_doctor` [ RunTime:0.0010s ]
ERR: 上传文件

[ 2019-09-15T23:45:16+08:00 ] 127.0.0.1 /index.php/Doctor/undefined
INFO: [ app_begin ] --START--
INFO: Run Behavior\ReadHtmlCacheBehavior [ RunTime:0.000566s ]
INFO: Run Behavior\CronRunBehavior [ RunTime:0.000433s ]
INFO: Run Behavior\CheckLangBehavior [ RunTime:0.001239s ]
INFO: [ app_begin ] --END-- [ RunTime:0.002883s ]
SQL: SHOW COLUMNS FROM `dzm_his_auth_group_access` [ RunTime:0.0011s ]
SQL: SELECT `uid`,`group_id`,`title`,`rules` FROM dzm_his_auth_group_access a INNER JOIN dzm_his_auth_group g on a.group_id=g.id  WHERE ( a.uid='1' and g.status='1' )  [ RunTime:0.0004s ]
SQL: SHOW COLUMNS FROM `dzm_his_auth_rule` [ RunTime:0.0008s ]
SQL: SELECT `condition`,`menu_name` FROM `dzm_his_auth_rule` WHERE `id` IN ('1','2','3','4','5','6','7','8','9','10','11','12','13','14','15','16','17','18','19','20','21','22','23','24','25','26','27','28','29','30','31','32','33','34','35','36','37','38','39','40','41','42','43','44','45','46','47','48','49','50','51','52','53','54','55','56','57','58','59','60','61','62','63','64','65','66','67','68','69','70','71','72','73','74','75','76','77','78','79','80','81','82','83','90','91','92','93','94','95','96','97','98','99','100','101','102','103','104','105','106','107','108','109','110','111','112','113','114','115','116','117','118','119','120','121','122','123','124','125','126','127','128','129','130','131','132','133','134','135','136','137','138','84','85','86','89','87','88','141','142','143','144','145','139','148','149','150') AND `type` = 1 AND `status` = 1  [ RunTime:0.0009s ]

